#
# A fatal error has been detected by the Java Runtime Environment:
#
#  EXCEPTION_ACCESS_VIOLATION (0xc0000005) at pc=0x65f165ee, pid=15456, tid=0x0000426c
#
# JRE version: Java(TM) SE Runtime Environment (8.0_144-b01) (build 1.8.0_144-b01)
# Java VM: Java HotSpot(TM) Client VM (25.144-b01 mixed mode windows-x86 )
# Problematic frame:
# V  [jvm.dll+0xe65ee]
#
# Failed to write core dump. Minidumps are not enabled by default on client versions of Windows
#
# If you would like to submit a bug report, please visit:
#   http://bugreport.java.com/bugreport/crash.jsp
#

---------------  T H R E A D  ---------------

Current thread (0x290dd400):  JavaThread "EventThread COM5" [_thread_in_vm, id=17004, stack(0x02f10000,0x02f60000)]

siginfo: ExceptionCode=0xc0000005, reading address 0x00000000

Registers:
EAX=0x00000000, EBX=0x0186a370, ECX=0x290dd400, EDX=0x0000009f
ESP=0x02f5e46c, EBP=0x02f5e488, ESI=0x00000000, EDI=0x290dd400
EIP=0x65f165ee, EFLAGS=0x00010246

Top of Stack: (sp=0x02f5e46c)
0x02f5e46c:   02f5e4a4 290dd540 0186a370 290dd400
0x02f5e47c:   2914e72c 0000009f 661120b8 02f5f078
0x02f5e48c:   6400183d 290dd540 00000000 00000000
0x02f5e49c:   00000b8b 02f5e4a4 0a0d0a0d 0a0d0a0d
0x02f5e4ac:   0a0d0a0d 0a0d0a0d 0a0d0a0d 0a0d0a0d
0x02f5e4bc:   0a0d0a0d 0a0d0a0d 0a0d0a0d 0a0d0a0d
0x02f5e4cc:   0a0d0a0d 0a0d0a0d 0a0d0a0d 0a0d0a0d
0x02f5e4dc:   0a0d0a0d 0a0d0a0d 0a0d0a0d 0a0d0a0d 

Instructions: (pc=0x65f165ee)
0x65f165ce:   c4 08 83 7f 04 00 89 7d f0 c7 45 f4 00 00 00 00
0x65f165de:   74 08 8d 4d f0 e8 28 1c 0c 00 8b 75 10 8b 45 0c
0x65f165ee:   8b 10 85 f6 78 32 8b 45 14 85 c0 78 2b 8d 0c 06
0x65f165fe:   3b 4a 08 77 23 85 c0 7e 3b 8b 4a 04 8b 49 04 83 


Register to memory mapping:

EAX=0x00000000 is an unknown value
EBX=0x0186a370 is an unknown value
ECX=0x290dd400 is a thread
EDX=0x0000009f is an unknown value
ESP=0x02f5e46c is pointing into the stack for thread: 0x290dd400
EBP=0x02f5e488 is pointing into the stack for thread: 0x290dd400
ESI=0x00000000 is an unknown value
EDI=0x290dd400 is a thread


Stack: [0x02f10000,0x02f60000],  sp=0x02f5e46c,  free space=313k
Native frames: (J=compiled Java code, j=interpreted, Vv=VM code, C=native code)
V  [jvm.dll+0xe65ee]
C  [jSSC-2.8_x86.dll+0x183d]
J 3970  jssc.SerialNativeInterface.readBytes(JI)[B (0 bytes) @ 0x03739fa5 [0x03739f10+0x95]
J 755131 C1 processing.app.Serial.serialEvent(Ljssc/SerialPortEvent;)V (195 bytes) @ 0x0341a4b4 [0x0341a380+0x134]
J 4390 C1 jssc.SerialPort$EventThread.run()V (84 bytes) @ 0x034fd118 [0x034fcfb0+0x168]
v  ~StubRoutines::call_stub
V  [jvm.dll+0x15af45]
V  [jvm.dll+0x2213ae]
V  [jvm.dll+0x15afde]
V  [jvm.dll+0x15b166]
V  [jvm.dll+0x15b1d7]
V  [jvm.dll+0xff36f]
V  [jvm.dll+0x17dc30]
V  [jvm.dll+0x17e4aa]
V  [jvm.dll+0x1c2ec6]
C  [msvcr100.dll+0x5c556]
C  [msvcr100.dll+0x5c600]
C  [KERNEL32.DLL+0x18494]
C  [ntdll.dll+0x641c8]
C  [ntdll.dll+0x64198]
C  0x00000000

Java frames: (J=compiled Java code, j=interpreted, Vv=VM code)
J 3970  jssc.SerialNativeInterface.readBytes(JI)[B (0 bytes) @ 0x03739f61 [0x03739f10+0x51]
J 755131 C1 processing.app.Serial.serialEvent(Ljssc/SerialPortEvent;)V (195 bytes) @ 0x0341a4b4 [0x0341a380+0x134]
J 4390 C1 jssc.SerialPort$EventThread.run()V (84 bytes) @ 0x034fd118 [0x034fcfb0+0x168]
v  ~StubRoutines::call_stub

---------------  P R O C E S S  ---------------

Java Threads: ( => current thread )
=>0x290dd400 JavaThread "EventThread COM5" [_thread_in_vm, id=17004, stack(0x02f10000,0x02f60000)]
  0x290dc000 JavaThread "DestroyJavaVM" [_thread_blocked, id=12520, stack(0x03190000,0x031e0000)]
  0x290dfc00 JavaThread "TimerQueue" daemon [_thread_blocked, id=16788, stack(0x2aa30000,0x2aa80000)]
  0x28b3fc00 JavaThread "Batik CleanerThread" daemon [_thread_blocked, id=404, stack(0x2a1b0000,0x2a200000)]
  0x28b3d000 JavaThread "AWT-EventQueue-0" [_thread_blocked, id=12484, stack(0x29fa0000,0x29ff0000)]
  0x28b3f400 JavaThread "AWT-Shutdown" [_thread_blocked, id=13864, stack(0x27470000,0x274c0000)]
  0x28b3ec00 JavaThread "Timer-0" [_thread_blocked, id=3608, stack(0x29c80000,0x29cd0000)]
  0x28b3c000 JavaThread "JmDNS(SX-INTERN2-sparkfun.local.).State.Timer" daemon [_thread_blocked, id=4188, stack(0x29bf0000,0x29c40000)]
  0x28b3e800 JavaThread "JmDNS(SX-INTERN2-sparkfun.local.).Timer" daemon [_thread_blocked, id=1376, stack(0x29b60000,0x29bb0000)]
  0x28b3c800 JavaThread "SocketListener(SX-INTERN2-sparkfun.local.)" daemon [_thread_in_native, id=6876, stack(0x29ad0000,0x29b20000)]
  0x28b18400 JavaThread "JmDNS(SX-INTERN2-sparkfun.local.).State.Timer" daemon [_thread_blocked, id=14900, stack(0x29920000,0x29970000)]
  0x28b06000 JavaThread "JmDNS(SX-INTERN2-sparkfun.local.).Timer" daemon [_thread_blocked, id=2688, stack(0x29890000,0x298e0000)]
  0x28b05800 JavaThread "SocketListener(SX-INTERN2-sparkfun.local.)" daemon [_thread_in_native, id=2168, stack(0x29800000,0x29850000)]
  0x28b05000 JavaThread "Multihomed mDNS.Timer" daemon [_thread_blocked, id=17256, stack(0x29670000,0x296c0000)]
  0x28b04800 JavaThread "cc.arduino.packages.discoverers.serial.SerialBoardsLister" [_thread_blocked, id=7908, stack(0x294e0000,0x29530000)]
  0x2700f800 JavaThread "AWT-Windows" daemon [_thread_in_native, id=16536, stack(0x27500000,0x27550000)]
  0x2700e400 JavaThread "Java2D Disposer" daemon [_thread_blocked, id=11072, stack(0x273e0000,0x27430000)]
  0x26886c00 JavaThread "Service Thread" daemon [_thread_blocked, id=15628, stack(0x26cd0000,0x26d20000)]
  0x2686b800 JavaThread "C1 CompilerThread0" daemon [_thread_blocked, id=16928, stack(0x26c40000,0x26c90000)]
  0x26869c00 JavaThread "Attach Listener" daemon [_thread_blocked, id=11100, stack(0x26bb0000,0x26c00000)]
  0x26867c00 JavaThread "Signal Dispatcher" daemon [_thread_blocked, id=10840, stack(0x26b20000,0x26b70000)]
  0x2684b800 JavaThread "Finalizer" daemon [_thread_blocked, id=8812, stack(0x25c30000,0x25c80000)]
  0x26835800 JavaThread "Reference Handler" daemon [_thread_blocked, id=332, stack(0x25ba0000,0x25bf0000)]

Other Threads:
  0x030bec00 VMThread [stack: 0x25b10000,0x25b60000] [id=1944]
  0x26866400 WatcherThread [stack: 0x26d60000,0x26db0000] [id=14552]

VM state:synchronizing (normal execution)

VM Mutex/Monitor currently owned by a thread:  ([mutex/lock_event])
[0x030ecd48] Threads_lock - owner thread: 0x030bec00
[0x030ec528] Heap_lock - owner thread: 0x28b06000

Heap:
 def new generation   total 157248K, used 157248K [0x05600000, 0x100a0000, 0x100a0000)
  eden space 139776K, 100% used [0x05600000, 0x0de80000, 0x0de80000)
  from space 17472K, 100% used [0x0ef90000, 0x100a0000, 0x100a0000)
  to   space 17472K,   0% used [0x0de80000, 0x0de80000, 0x0ef90000)
 tenured generation   total 349568K, used 349567K [0x100a0000, 0x25600000, 0x25600000)
   the space 349568K,  99% used [0x100a0000, 0x255ffff8, 0x25600000, 0x25600000)
 Metaspace       used 19258K, capacity 19690K, committed 19840K, reserved 19840K

Card table byte_map: [0x05490000,0x055a0000] byte_map_base: 0x05465000

Polling page: 0x02fa0000

CodeCache: size=32768Kb used=1968Kb max_used=4798Kb free=30799Kb
 bounds [0x032d0000, 0x03788000, 0x052d0000]
 total_blobs=1209 nmethods=928 adapters=208
 compilation: enabled

Compilation events (10 events):
Event: 179905.532 Thread 0x2686b800 nmethod 755465 0x033a9948 code [0x033a9a40, 0x033a9b00]
Event: 179905.815 Thread 0x2686b800 755466             sun.awt.AWTAutoShutdown::isReadyToShutdown (37 bytes)
Event: 179905.815 Thread 0x2686b800 nmethod 755466 0x034ed488 code [0x034ed590, 0x034ed688]
Event: 179907.417 Thread 0x2686b800 755467             java.awt.Toolkit::notifyAWTEventListeners (36 bytes)
Event: 179907.418 Thread 0x2686b800 nmethod 755467 0x03402688 code [0x034027b0, 0x034028e4]
Event: 179908.924 Thread 0x2686b800 755468             javax.swing.text.PlainView::updateMetrics (41 bytes)
Event: 179908.924 Thread 0x2686b800 nmethod 755468 0x034e7dc8 code [0x034e7f40, 0x034e81b8]
Event: 179909.763 Thread 0x2686b800 755469             sun.font.FontUtilities::isComplexText (38 bytes)
Event: 179909.763 Thread 0x2686b800 nmethod 755469 0x036b5d08 code [0x036b5e10, 0x036b5f5c]
Event: 179924.736 Thread 0x2686b800 755470             sun.nio.cs.SingleByte$Encoder::encodeArrayLoop (236 bytes)

GC Heap History (10 events):
Event: 179927.181 GC heap before
{Heap before GC invocations=1639 (full 330):
 def new generation   total 157248K, used 157248K [0x05600000, 0x100a0000, 0x100a0000)
  eden space 139776K, 100% used [0x05600000, 0x0de80000, 0x0de80000)
  from space 17472K, 100% used [0x0ef90000, 0x100a0000, 0x100a0000)
  to   space 17472K,   0% used [0x0de80000, 0x0de80000, 0x0ef90000)
 tenured generation   total 349568K, used 349568K [0x100a0000, 0x25600000, 0x25600000)
   the space 349568K, 100% used [0x100a0000, 0x25600000, 0x25600000, 0x25600000)
 Metaspace       used 19258K, capacity 19690K, committed 19840K, reserved 19840K
Event: 179927.831 GC heap after
Heap after GC invocations=1640 (full 331):
 def new generation   total 157248K, used 157247K [0x05600000, 0x100a0000, 0x100a0000)
  eden space 139776K,  99% used [0x05600000, 0x0de7fe00, 0x0de80000)
  from space 17472K, 100% used [0x0ef90000, 0x100a0000, 0x100a0000)
  to   space 17472K,   0% used [0x0de80000, 0x0de80000, 0x0ef90000)
 tenured generation   total 349568K, used 349568K [0x100a0000, 0x25600000, 0x25600000)
   the space 349568K, 100% used [0x100a0000, 0x25600000, 0x25600000, 0x25600000)
 Metaspace       used 19258K, capacity 19690K, committed 19840K, reserved 19840K
}
Event: 179927.832 GC heap before
{Heap before GC invocations=1640 (full 331):
 def new generation   total 157248K, used 157248K [0x05600000, 0x100a0000, 0x100a0000)
  eden space 139776K, 100% used [0x05600000, 0x0de80000, 0x0de80000)
  from space 17472K, 100% used [0x0ef90000, 0x100a0000, 0x100a0000)
  to   space 17472K,   0% used [0x0de80000, 0x0de80000, 0x0ef90000)
 tenured generation   total 349568K, used 349568K [0x100a0000, 0x25600000, 0x25600000)
   the space 349568K, 100% used [0x100a0000, 0x25600000, 0x25600000, 0x25600000)
 Metaspace       used 19258K, capacity 19690K, committed 19840K, reserved 19840K
Event: 179928.321 GC heap after
Heap after GC invocations=1641 (full 332):
 def new generation   total 157248K, used 157247K [0x05600000, 0x100a0000, 0x100a0000)
  eden space 139776K,  99% used [0x05600000, 0x0de7fe60, 0x0de80000)
  from space 17472K,  99% used [0x0ef90000, 0x1009ffc8, 0x100a0000)
  to   space 17472K,   0% used [0x0de80000, 0x0de80000, 0x0ef90000)
 tenured generation   total 349568K, used 349568K [0x100a0000, 0x25600000, 0x25600000)
   the space 349568K, 100% used [0x100a0000, 0x25600000, 0x25600000, 0x25600000)
 Metaspace       used 19258K, capacity 19690K, committed 19840K, reserved 19840K
}
Event: 179928.321 GC heap before
{Heap before GC invocations=1641 (full 332):
 def new generation   total 157248K, used 157248K [0x05600000, 0x100a0000, 0x100a0000)
  eden space 139776K, 100% used [0x05600000, 0x0de80000, 0x0de80000)
  from space 17472K, 100% used [0x0ef90000, 0x100a0000, 0x100a0000)
  to   space 17472K,   0% used [0x0de80000, 0x0de80000, 0x0ef90000)
 tenured generation   total 349568K, used 349568K [0x100a0000, 0x25600000, 0x25600000)
   the space 349568K, 100% used [0x100a0000, 0x25600000, 0x25600000, 0x25600000)
 Metaspace       used 19258K, capacity 19690K, committed 19840K, reserved 19840K
Event: 179928.811 GC heap after
Heap after GC invocations=1642 (full 333):
 def new generation   total 157248K, used 157247K [0x05600000, 0x100a0000, 0x100a0000)
  eden space 139776K,  99% used [0x05600000, 0x0de7fee8, 0x0de80000)
  from space 17472K,  99% used [0x0ef90000, 0x1009ff60, 0x100a0000)
  to   space 17472K,   0% used [0x0de80000, 0x0de80000, 0x0ef90000)
 tenured generation   total 349568K, used 349568K [0x100a0000, 0x25600000, 0x25600000)
   the space 349568K, 100% used [0x100a0000, 0x25600000, 0x25600000, 0x25600000)
 Metaspace       used 19258K, capacity 19690K, committed 19840K, reserved 19840K
}
Event: 179928.811 GC heap before
{Heap before GC invocations=1642 (full 333):
 def new generation   total 157248K, used 157247K [0x05600000, 0x100a0000, 0x100a0000)
  eden space 139776K, 100% used [0x05600000, 0x0de80000, 0x0de80000)
  from space 17472K,  99% used [0x0ef90000, 0x1009ff70, 0x100a0000)
  to   space 17472K,   0% used [0x0de80000, 0x0de80000, 0x0ef90000)
 tenured generation   total 349568K, used 349568K [0x100a0000, 0x25600000, 0x25600000)
   the space 349568K, 100% used [0x100a0000, 0x25600000, 0x25600000, 0x25600000)
 Metaspace       used 19258K, capacity 19690K, committed 19840K, reserved 19840K
Event: 179929.300 GC heap after
Heap after GC invocations=1643 (full 334):
 def new generation   total 157248K, used 157247K [0x05600000, 0x100a0000, 0x100a0000)
  eden space 139776K,  99% used [0x05600000, 0x0de7fec8, 0x0de80000)
  from space 17472K,  99% used [0x0ef90000, 0x1009ff10, 0x100a0000)
  to   space 17472K,   0% used [0x0de80000, 0x0de80000, 0x0ef90000)
 tenured generation   total 349568K, used 349568K [0x100a0000, 0x25600000, 0x25600000)
   the space 349568K, 100% used [0x100a0000, 0x25600000, 0x25600000, 0x25600000)
 Metaspace       used 19258K, capacity 19690K, committed 19840K, reserved 19840K
}
Event: 179929.300 GC heap before
{Heap before GC invocations=1643 (full 334):
 def new generation   total 157248K, used 157247K [0x05600000, 0x100a0000, 0x100a0000)
  eden space 139776K,  99% used [0x05600000, 0x0de7fec8, 0x0de80000)
  from space 17472K,  99% used [0x0ef90000, 0x1009ff10, 0x100a0000)
  to   space 17472K,   0% used [0x0de80000, 0x0de80000, 0x0ef90000)
 tenured generation   total 349568K, used 349568K [0x100a0000, 0x25600000, 0x25600000)
   the space 349568K, 100% used [0x100a0000, 0x25600000, 0x25600000, 0x25600000)
 Metaspace       used 19258K, capacity 19690K, committed 19840K, reserved 19840K
Event: 179929.788 GC heap after
Heap after GC invocations=1644 (full 335):
 def new generation   total 157248K, used 157247K [0x05600000, 0x100a0000, 0x100a0000)
  eden space 139776K,  99% used [0x05600000, 0x0de7fec8, 0x0de80000)
  from space 17472K,  99% used [0x0ef90000, 0x1009ff10, 0x100a0000)
  to   space 17472K,   0% used [0x0de80000, 0x0de80000, 0x0ef90000)
 tenured generation   total 349568K, used 349567K [0x100a0000, 0x25600000, 0x25600000)
   the space 349568K,  99% used [0x100a0000, 0x255fffe8, 0x25600000, 0x25600000)
 Metaspace       used 19258K, capacity 19690K, committed 19840K, reserved 19840K
}

Deoptimization events (0 events):
No events

Internal exceptions (10 events):
Event: 179923.634 Thread 0x28b3d000 Exception <a 'java/io/IOException'> (0x1009ecf8) thrown at [C:\workspace\8-2-build-windows-i586-cygwin\jdk8u144\9417\hotspot\src\share\vm\prims\jni.cpp, line 709]
Event: 179923.634 Thread 0x28b3d000 Exception <a 'java/io/IOException'> (0x1009f6b0) thrown at [C:\workspace\8-2-build-windows-i586-cygwin\jdk8u144\9417\hotspot\src\share\vm\prims\jni.cpp, line 709]
Event: 179923.634 Thread 0x28b3d000 Exception <a 'java/io/IOException'> (0x1009fa10) thrown at [C:\workspace\8-2-build-windows-i586-cygwin\jdk8u144\9417\hotspot\src\share\vm\prims\jni.cpp, line 709]
Event: 179923.634 Thread 0x28b3d000 Exception <a 'java/io/IOException'> (0x1009fc58) thrown at [C:\workspace\8-2-build-windows-i586-cygwin\jdk8u144\9417\hotspot\src\share\vm\prims\jni.cpp, line 709]
Event: 179924.242 Thread 0x28b3d000 Exception <a 'java/io/IOException'> (0x1009f1e0) thrown at [C:\workspace\8-2-build-windows-i586-cygwin\jdk8u144\9417\hotspot\src\share\vm\prims\jni.cpp, line 709]
Event: 179924.242 Thread 0x28b3d000 Exception <a 'java/io/IOException'> (0x1009f790) thrown at [C:\workspace\8-2-build-windows-i586-cygwin\jdk8u144\9417\hotspot\src\share\vm\prims\jni.cpp, line 709]
Event: 179924.242 Thread 0x28b3d000 Exception <a 'java/io/IOException'> (0x1009f9d8) thrown at [C:\workspace\8-2-build-windows-i586-cygwin\jdk8u144\9417\hotspot\src\share\vm\prims\jni.cpp, line 709]
Event: 179926.693 Thread 0x28b3d000 Exception <a 'java/lang/OutOfMemoryError'> (0x10718af0) thrown at [C:\workspace\8-2-build-windows-i586-cygwin\jdk8u144\9417\hotspot\src\share\vm\gc_interface/collectedHeap.inline.hpp, line 159]
Event: 179926.693 Thread 0x28b3d000 Exception <a 'java/io/IOException'> (0x0de7ffe0) thrown at [C:\workspace\8-2-build-windows-i586-cygwin\jdk8u144\9417\hotspot\src\share\vm\prims\jni.cpp, line 709]
Event: 179929.788 Thread 0x290dd400 Exception <a 'java/lang/OutOfMemoryError'> (0x10718ad0) thrown at [C:\workspace\8-2-build-windows-i586-cygwin\jdk8u144\9417\hotspot\src\share\vm\gc_interface/collectedHeap.inline.hpp, line 159]

Events (10 events):
Event: 179925.719 Executing VM operation: GenCollectForAllocation
Event: 179926.693 Executing VM operation: GenCollectForAllocation done
Event: 179926.693 Executing VM operation: GenCollectForAllocation
Event: 179927.831 Executing VM operation: GenCollectForAllocation done
Event: 179927.831 Executing VM operation: GenCollectForAllocation
Event: 179928.321 Executing VM operation: GenCollectForAllocation done
Event: 179928.321 Executing VM operation: GenCollectForAllocation
Event: 179928.811 Executing VM operation: GenCollectForAllocation done
Event: 179928.811 Executing VM operation: GenCollectForAllocation
Event: 179929.788 Executing VM operation: GenCollectForAllocation done


Dynamic libraries:
0x00ec0000 - 0x00ef3000 	C:\Program Files (x86)\Arduino\java\bin\javaw.exe
0x77b90000 - 0x77d20000 	C:\WINDOWS\SYSTEM32\ntdll.dll
0x74600000 - 0x746e0000 	C:\WINDOWS\System32\KERNEL32.DLL
0x75f10000 - 0x760f4000 	C:\WINDOWS\System32\KERNELBASE.dll
0x74e50000 - 0x74ec8000 	C:\WINDOWS\System32\ADVAPI32.dll
0x76100000 - 0x761bf000 	C:\WINDOWS\System32\msvcrt.dll
0x75ec0000 - 0x75f04000 	C:\WINDOWS\System32\sechost.dll
0x776c0000 - 0x77780000 	C:\WINDOWS\System32\RPCRT4.dll
0x74450000 - 0x74470000 	C:\WINDOWS\System32\SspiCli.dll
0x74440000 - 0x7444a000 	C:\WINDOWS\System32\CRYPTBASE.dll
0x755a0000 - 0x755f8000 	C:\WINDOWS\System32\bcryptPrimitives.dll
0x74470000 - 0x745fd000 	C:\WINDOWS\System32\USER32.dll
0x75610000 - 0x75627000 	C:\WINDOWS\System32\win32u.dll
0x74fd0000 - 0x74ff2000 	C:\WINDOWS\System32\GDI32.dll
0x75cf0000 - 0x75e54000 	C:\WINDOWS\System32\gdi32full.dll
0x77820000 - 0x7789d000 	C:\WINDOWS\System32\msvcp_win.dll
0x75370000 - 0x7548d000 	C:\WINDOWS\System32\ucrtbase.dll
0x71850000 - 0x71a54000 	C:\WINDOWS\WinSxS\x86_microsoft.windows.common-controls_6595b64144ccf1df_6.0.17134.648_none_42f2d7c044decfd8\COMCTL32.dll
0x75a90000 - 0x75cec000 	C:\WINDOWS\System32\combase.dll
0x75a60000 - 0x75a86000 	C:\WINDOWS\System32\IMM32.DLL
0x66200000 - 0x662bf000 	C:\Program Files (x86)\Arduino\java\bin\msvcr100.dll
0x65e30000 - 0x661fe000 	C:\Program Files (x86)\Arduino\java\bin\client\jvm.dll
0x776b0000 - 0x776b6000 	C:\WINDOWS\System32\PSAPI.DLL
0x73b90000 - 0x73b98000 	C:\WINDOWS\SYSTEM32\VERSION.dll
0x73cb0000 - 0x73cd4000 	C:\WINDOWS\SYSTEM32\WINMM.dll
0x67a90000 - 0x67a98000 	C:\WINDOWS\SYSTEM32\WSOCK32.dll
0x75490000 - 0x754f7000 	C:\WINDOWS\System32\WS2_32.dll
0x73610000 - 0x73633000 	C:\WINDOWS\SYSTEM32\WINMMBASE.dll
0x746e0000 - 0x74719000 	C:\WINDOWS\System32\cfgmgr32.dll
0x67a60000 - 0x67a90000 	C:\Program Files (x86)\Arduino\java\bin\splashscreen.dll
0x73510000 - 0x7358c000 	C:\WINDOWS\system32\uxtheme.dll
0x67a50000 - 0x67a5c000 	C:\Program Files (x86)\Arduino\java\bin\verify.dll
0x75220000 - 0x75363000 	C:\WINDOWS\System32\MSCTF.dll
0x75500000 - 0x75596000 	C:\WINDOWS\System32\OLEAUT32.dll
0x65e00000 - 0x65e21000 	C:\Program Files (x86)\Arduino\java\bin\java.dll
0x65de0000 - 0x65df3000 	C:\Program Files (x86)\Arduino\java\bin\zip.dll
0x77780000 - 0x7778f000 	C:\WINDOWS\System32\kernel.appcore.dll
0x68130000 - 0x681ad000 	C:\WINDOWS\System32\TextInputFramework.dll
0x67ed0000 - 0x6812d000 	C:\WINDOWS\System32\CoreUIComponents.dll
0x71e90000 - 0x71f1b000 	C:\WINDOWS\System32\CoreMessaging.dll
0x75100000 - 0x75188000 	C:\WINDOWS\System32\SHCORE.dll
0x68240000 - 0x68316000 	C:\WINDOWS\SYSTEM32\wintypes.dll
0x725e0000 - 0x72609000 	C:\WINDOWS\SYSTEM32\ntmarta.dll
0x734e0000 - 0x73503000 	C:\WINDOWS\system32\dwmapi.dll
0x761c0000 - 0x7750a000 	C:\WINDOWS\System32\SHELL32.dll
0x74720000 - 0x74cda000 	C:\WINDOWS\System32\windows.storage.dll
0x778c0000 - 0x77905000 	C:\WINDOWS\System32\shlwapi.dll
0x778a0000 - 0x778b8000 	C:\WINDOWS\System32\profapi.dll
0x77910000 - 0x77955000 	C:\WINDOWS\System32\powrprof.dll
0x77a90000 - 0x77a98000 	C:\WINDOWS\System32\FLTLIB.DLL
0x61940000 - 0x619b2000 	C:\Program Files (x86)\Arduino\lib\listSerialsj.dll
0x75630000 - 0x75a5b000 	C:\WINDOWS\System32\SETUPAPI.dll
0x65dc0000 - 0x65ddd000 	C:\Program Files (x86)\Arduino\lib\jnidispatch-4.2.2-win32-x86.dll
0x74ed0000 - 0x74fcc000 	C:\WINDOWS\System32\Ole32.dll
0x65da0000 - 0x65db6000 	C:\Program Files (x86)\Arduino\java\bin\net.dll
0x74080000 - 0x740d6000 	C:\WINDOWS\system32\mswsock.dll
0x65d90000 - 0x65d9f000 	C:\Program Files (x86)\Arduino\java\bin\nio.dll
0x65c40000 - 0x65d85000 	C:\Program Files (x86)\Arduino\java\bin\awt.dll
0x73960000 - 0x739fd000 	C:\WINDOWS\SYSTEM32\apphelp.dll
0x65c00000 - 0x65c39000 	C:\Program Files (x86)\Arduino\java\bin\fontmanager.dll
0x65b20000 - 0x65bf9000 	C:\WINDOWS\system32\opengl32.dll
0x65ae0000 - 0x65b1f000 	C:\WINDOWS\SYSTEM32\GLU32.dll
0x65aa0000 - 0x65ad2000 	C:\Program Files (x86)\Arduino\java\bin\t2k.dll
0x71000000 - 0x71022000 	C:\WINDOWS\SYSTEM32\DEVOBJ.dll
0x75e70000 - 0x75eb7000 	C:\WINDOWS\System32\WINTRUST.dll
0x77960000 - 0x7796e000 	C:\WINDOWS\System32\MSASN1.dll
0x77510000 - 0x776a6000 	C:\WINDOWS\System32\CRYPT32.dll
0x73fc0000 - 0x73ff0000 	C:\WINDOWS\SYSTEM32\IPHLPAPI.DLL
0x75600000 - 0x75607000 	C:\WINDOWS\System32\NSI.dll
0x73ef0000 - 0x73f03000 	C:\WINDOWS\SYSTEM32\dhcpcsvc6.DLL
0x73ed0000 - 0x73ee4000 	C:\WINDOWS\SYSTEM32\dhcpcsvc.DLL
0x73ff0000 - 0x7407e000 	C:\WINDOWS\SYSTEM32\DNSAPI.dll
0x73f10000 - 0x73f18000 	C:\Windows\System32\rasadhlp.dll
0x73f40000 - 0x73f8f000 	C:\WINDOWS\System32\fwpuclnt.dll
0x73f20000 - 0x73f39000 	C:\WINDOWS\SYSTEM32\bcrypt.dll
0x65a20000 - 0x65a89000 	C:\Program Files (x86)\Arduino\msvcp100.dll
0x65960000 - 0x65a1e000 	C:\Program Files (x86)\Arduino\msvcr100.dll
0x2a030000 - 0x2a062000 	C:\Program Files (x86)\Arduino\lib\AStylej.dll
0x65930000 - 0x65954000 	C:\Program Files (x86)\Arduino\java\bin\dcpr.dll
0x75190000 - 0x75213000 	C:\WINDOWS\System32\clbcatq.dll
0x720a0000 - 0x72211000 	C:\WINDOWS\SYSTEM32\WindowsCodecs.dll
0x68620000 - 0x6866f000 	C:\WINDOWS\system32\dataexchange.dll
0x6ac40000 - 0x6ae92000 	C:\WINDOWS\system32\d3d11.dll
0x68670000 - 0x687ac000 	C:\WINDOWS\system32\dcomp.dll
0x6aa10000 - 0x6aaa8000 	C:\WINDOWS\system32\dxgi.dll
0x684b0000 - 0x68615000 	C:\WINDOWS\system32\twinapi.appcore.dll
0x68480000 - 0x684a1000 	C:\WINDOWS\system32\RMCLIENT.dll
0x72250000 - 0x72263000 	C:\WINDOWS\SYSTEM32\CRYPTSP.dll
0x72220000 - 0x7224f000 	C:\WINDOWS\system32\rsaenh.dll
0x73c10000 - 0x73c31000 	C:\WINDOWS\SYSTEM32\USERENV.dll
0x64000000 - 0x6401b000 	C:\Program Files (x86)\Arduino\lib\jSSC-2.8_x86.dll
0x74140000 - 0x742c2000 	C:\WINDOWS\SYSTEM32\dbghelp.dll

VM Arguments:
jvm_args: -Dsun.java2d.d3d=false -Djna.nosys=true -Djna.nounpack=true -Djna.boot.library.name=jnidispatch-4.2.2-win32-x86 -Djna.boot.library.path=C:\Program Files (x86)\Arduino/lib -Djssc.library.path=C:\Program Files (x86)\Arduino/lib -DAPP_DIR=C:\Program Files (x86)\Arduino -Xms128M -Xmx512M 
java_command: processing.app.Base C:\Users\andrea.devore\Documents\GitHub\Qwiic_Capacitive_Touch_Slider_Arduino_Library\general_functions\general_functions.ino
java_class_path (initial): C:\Program Files (x86)\Arduino\lib\apple.jar;C:\Program Files (x86)\Arduino\lib\arduino-core.jar;C:\Program Files (x86)\Arduino\lib\batik-1.8.jar;C:\Program Files (x86)\Arduino\lib\batik-anim-1.8.jar;C:\Program Files (x86)\Arduino\lib\batik-awt-util-1.8.jar;C:\Program Files (x86)\Arduino\lib\batik-bridge-1.8.jar;C:\Program Files (x86)\Arduino\lib\batik-codec-1.8.jar;C:\Program Files (x86)\Arduino\lib\batik-css-1.8.jar;C:\Program Files (x86)\Arduino\lib\batik-dom-1.8.jar;C:\Program Files (x86)\Arduino\lib\batik-ext-1.8.jar;C:\Program Files (x86)\Arduino\lib\batik-gvt-1.8.jar;C:\Program Files (x86)\Arduino\lib\batik-parser-1.8.jar;C:\Program Files (x86)\Arduino\lib\batik-rasterizer-1.8.jar;C:\Program Files (x86)\Arduino\lib\batik-script-1.8.jar;C:\Program Files (x86)\Arduino\lib\batik-squiggle-1.8.jar;C:\Program Files (x86)\Arduino\lib\batik-svg-dom-1.8.jar;C:\Program Files (x86)\Arduino\lib\batik-svgpp-1.8.jar;C:\Program Files (x86)\Arduino\lib\batik-transcoder-1.8.jar;C:\Program Files (x86)\Arduino\lib\batik-util-1.8.jar;C:\Program Files (x86)\Arduino\lib\batik-xml-1.8.jar;C:\Program Files (x86)\Arduino\lib\bcpg-jdk15on-152.jar;C:\Program Files (x86)\Arduino\lib\bcprov-jdk15on-152.jar;C:\Program Files (x86)\Arduino\lib\commons-codec-1.7.jar;C:\Program Files (x86)\Arduino\lib\commons-compress-1.8.jar;C:\Program Files (x86)\Arduino\lib\commons-exec-1.1.jar;C:\Program Files (x86)\Arduino\lib\commons-httpclient-3.1.jar;C:\Program Files (x86)\Arduino\lib\commons-lang3-3.3.2.jar;C:\Program Files (x86)\Arduino\lib\commons-logging-1.0.4.jar;C:\Program Files (x86)\Arduino\lib\commons-net-3.3.jar;C:\Program Files (x86)\Arduino\lib\jackson-annotations-2.6.3.jar;C:\Program Files (x86)\Arduino\lib\jackson-core-2.6.3.jar;C:\Program Files (x86)\Arduino\lib\jackson-databind-2.6.3.jar;C:\Program Files (x86)\Arduino\lib\jackson-module-mrbean-2.6.3.jar;C:\Program Files (x86)\Arduino\lib\java-semver-0.8.0.jar;C:\Program Files (x86)\Arduino\lib\jmdns-3.5.1.j
Launcher Type: SUN_STANDARD

Environment Variables:
PATH=C:\WINDOWS\system32;C:\WINDOWS;C:\WINDOWS\System32\Wbem;C:\WINDOWS\System32\WindowsPowerShell\v1.0\;C:\Program Files\PuTTY\;C:\Program Files (x86)\Nordic Semiconductor\nrf5x\bin\;C:\WINDOWS\System32\OpenSSH\;C:\Users\ciara.jekel\Desktop\AVRDUDE;C:\CooCox\CoIDE_V2Beta\gcc\bin;C:\CooCox\CoIDE_V2Beta\bin;C:\Users\andrea.devore\AppData\Local\Microsoft\WindowsApps;C:\Users\andrea.devore\AppData\Local\GitHubDesktop\bin;C:\Users\andrea.devore\AppData\Local\Programs\Microsoft VS Code\bin;C:\Program Files (x86)\Arduino\java\bin
USERNAME=andrea.devore
OS=Windows_NT
PROCESSOR_IDENTIFIER=Intel64 Family 6 Model 60 Stepping 3, GenuineIntel



---------------  S Y S T E M  ---------------

OS: Windows 10.0 , 64 bit Build 17134 (10.0.17134.648)

CPU:total 4 (initial active 4) (4 cores per cpu, 1 threads per core) family 6 model 60 stepping 3, cmov, cx8, fxsr, mmx, sse, sse2, sse3, ssse3, sse4.1, sse4.2, popcnt, avx, avx2, aes, clmul, erms, lzcnt, tsc, tscinvbit, bmi1, bmi2

Memory: 4k page, physical 16198428k(10209804k free), swap 18688796k(11658916k free)

vm_info: Java HotSpot(TM) Client VM (25.144-b01) for windows-x86 JRE (1.8.0_144-b01), built on Jul 21 2017 21:58:05 by "java_re" with MS VC++ 10.0 (VS2010)

time: Thu Apr 11 14:49:33 2019
elapsed time: 179929 seconds (2d 1h 58m 49s)

